2022.06.28 10:01:27 INFO  tracing is disabled for protocol LSP, to enable tracing of incoming and outgoing JSON messages create an empty file at /Users/angievig/git/ScalaProjects/FunctionalProgramming/W1/scala-project/.metals/lsp.trace.json or /Users/angievig/Library/Caches/org.scalameta.metals/lsp.trace.json
2022.06.28 10:01:28 INFO  logging to file /Users/angievig/git/ScalaProjects/FunctionalProgramming/W1/scala-project/.metals/metals.log
2022.06.28 10:01:28 INFO  Started: Metals version 0.11.6 in workspace '/Users/angievig/git/ScalaProjects/FunctionalProgramming/W1/scala-project' for client Visual Studio Code 1.68.1.
2022.06.28 10:01:28 INFO  time: initialize in 0.76s
2022.06.28 10:01:29 WARN  Flyway upgrade recommended: H2 2.1.212 is newer than this version of Flyway and support has not been tested. The latest supported version of H2 is 2.1.210.
2022.06.28 10:01:29 WARN  Build server is not auto-connectable.
2022.06.28 10:01:42 INFO  running '/Library/Java/JavaVirtualMachines/jdk-17.0.2.jdk/Contents/Home/bin/java -Djline.terminal=jline.UnsupportedTerminal -Dsbt.log.noformat=true -Dfile.encoding=UTF-8 -jar /var/folders/st/wl00mtq90v14lq2q049yyysh0000gq/T/metals1343214120389715775/sbt-launch.jar -Dbloop.export-jar-classifiers=sources bloopInstall'
2022.06.28 10:01:43 WARN  no build target for: /Users/angievig/git/ScalaProjects/FunctionalProgramming/W1/scala-project/project/metals.sbt
2022.06.28 10:01:43 WARN  no build target for: /Users/angievig/git/ScalaProjects/FunctionalProgramming/W1/scala-project/project/project/metals.sbt
2022.06.28 10:01:43 INFO  skipping build import with status 'Started'
2022.06.28 10:01:48 ERROR [info] [launcher] getting org.scala-sbt sbt 1.5.2  (this may take some time)...
2022.06.28 10:01:50 INFO  no build target found for /Users/angievig/git/ScalaProjects/FunctionalProgramming/W1/scala-project/project/project/metals.sbt. Using presentation compiler with project's scala-library version: 3.1.2
2022.06.28 10:02:52 ERROR downloading https://repo1.maven.org/maven2/org/scala-lang/scala-library/2.12.13/scala-library-2.12.13.jar ...
2022.06.28 10:02:52 ERROR downloading https://repo1.maven.org/maven2/org/scala-sbt/io_2.12/1.5.0/io_2.12-1.5.0.jar ...
2022.06.28 10:02:52 ERROR downloading https://repo1.maven.org/maven2/org/scala-sbt/main_2.12/1.5.2/main_2.12-1.5.2.jar ...
2022.06.28 10:02:52 ERROR downloading https://repo1.maven.org/maven2/org/scala-sbt/logic_2.12/1.5.2/logic_2.12-1.5.2.jar ...
2022.06.28 10:02:52 ERROR downloading https://repo1.maven.org/maven2/org/scala-sbt/run_2.12/1.5.2/run_2.12-1.5.2.jar ...
2022.06.28 10:02:52 ERROR downloading https://repo1.maven.org/maven2/org/scala-sbt/main-settings_2.12/1.5.2/main-settings_2.12-1.5.2.jar ...
2022.06.28 10:02:52 ERROR downloading https://repo1.maven.org/maven2/org/scala-sbt/actions_2.12/1.5.2/actions_2.12-1.5.2.jar ...
2022.06.28 10:02:52 ERROR downloading https://repo1.maven.org/maven2/org/scala-sbt/sbt/1.5.2/sbt-1.5.2.jar ...
2022.06.28 10:02:52 ERROR :: loading settings :: url = jar:file:/private/var/folders/st/wl00mtq90v14lq2q049yyysh0000gq/T/metals1343214120389715775/sbt-launch.jar!/org/apache/ivy/core/settings/ivysettings.xml
2022.06.28 10:02:52 ERROR :: loading settings :: url = jar:file:/private/var/folders/st/wl00mtq90v14lq2q049yyysh0000gq/T/metals1343214120389715775/sbt-launch.jar!/org/apache/ivy/core/settings/ivysettings.xml
2022.06.28 10:02:52 ERROR :: loading settings :: url = jar:file:/private/var/folders/st/wl00mtq90v14lq2q049yyysh0000gq/T/metals1343214120389715775/sbt-launch.jar!/org/apache/ivy/core/settings/ivysettings.xml
2022.06.28 10:02:52 ERROR :: loading settings :: url = jar:file:/private/var/folders/st/wl00mtq90v14lq2q049yyysh0000gq/T/metals1343214120389715775/sbt-launch.jar!/org/apache/ivy/core/settings/ivysettings.xml
2022.06.28 10:02:52 ERROR :: loading settings :: url = jar:file:/private/var/folders/st/wl00mtq90v14lq2q049yyysh0000gq/T/metals1343214120389715775/sbt-launch.jar!/org/apache/ivy/core/settings/ivysettings.xml
2022.06.28 10:02:52 ERROR :: loading settings :: url = jar:file:/private/var/folders/st/wl00mtq90v14lq2q049yyysh0000gq/T/metals1343214120389715775/sbt-launch.jar!/org/apache/ivy/core/settings/ivysettings.xml
2022.06.28 10:02:52 ERROR :: loading settings :: url = jar:file:/private/var/folders/st/wl00mtq90v14lq2q049yyysh0000gq/T/metals1343214120389715775/sbt-launch.jar!/org/apache/ivy/core/settings/ivysettings.xml
2022.06.28 10:02:52 ERROR :: loading settings :: url = jar:file:/private/var/folders/st/wl00mtq90v14lq2q049yyysh0000gq/T/metals1343214120389715775/sbt-launch.jar!/org/apache/ivy/core/settings/ivysettings.xml
2022.06.28 10:02:52 ERROR 	[SUCCESSFUL ] org.scala-sbt#run_2.12;1.5.2!run_2.12.jar (831ms)
2022.06.28 10:02:52 ERROR downloading https://repo1.maven.org/maven2/org/scala-sbt/command_2.12/1.5.2/command_2.12-1.5.2.jar ...
2022.06.28 10:02:52 ERROR 	[SUCCESSFUL ] org.scala-sbt#sbt;1.5.2!sbt.jar (907ms)
2022.06.28 10:02:52 ERROR downloading https://repo1.maven.org/maven2/org/scala-sbt/collections_2.12/1.5.2/collections_2.12-1.5.2.jar ...
2022.06.28 10:02:52 ERROR 	[SUCCESSFUL ] org.scala-sbt#actions_2.12;1.5.2!actions_2.12.jar (977ms)
2022.06.28 10:02:52 ERROR downloading https://repo1.maven.org/maven2/org/scala-sbt/scripted-plugin_2.12/1.5.2/scripted-plugin_2.12-1.5.2.jar ...
2022.06.28 10:02:53 ERROR 	[SUCCESSFUL ] org.scala-sbt#main-settings_2.12;1.5.2!main-settings_2.12.jar (1012ms)
2022.06.28 10:02:53 ERROR downloading https://repo1.maven.org/maven2/org/scala-sbt/zinc-lm-integration_2.12/1.5.2/zinc-lm-integration_2.12-1.5.2.jar ...
2022.06.28 10:02:53 ERROR 	[SUCCESSFUL ] org.scala-sbt#logic_2.12;1.5.2!logic_2.12.jar (1042ms)
2022.06.28 10:02:53 ERROR downloading https://repo1.maven.org/maven2/org/scala-sbt/util-logging_2.12/1.5.2/util-logging_2.12-1.5.2.jar ...
2022.06.28 10:02:53 ERROR 	[SUCCESSFUL ] org.scala-sbt#scripted-plugin_2.12;1.5.2!scripted-plugin_2.12.jar (223ms)
2022.06.28 10:02:53 ERROR downloading https://repo1.maven.org/maven2/org/scala-sbt/launcher-interface/1.3.1/launcher-interface-1.3.1.jar ...
2022.06.28 10:02:53 ERROR 	[SUCCESSFUL ] org.scala-sbt#zinc-lm-integration_2.12;1.5.2!zinc-lm-integration_2.12.jar (229ms)
2022.06.28 10:02:53 ERROR downloading https://repo1.maven.org/maven2/com/github/ben-manes/caffeine/caffeine/2.8.5/caffeine-2.8.5.jar ...
2022.06.28 10:02:53 ERROR 	[SUCCESSFUL ] org.scala-sbt#io_2.12;1.5.0!io_2.12.jar (1365ms)
2022.06.28 10:02:53 ERROR downloading https://repo1.maven.org/maven2/io/get-coursier/lm-coursier-shaded_2.12/2.0.8/lm-coursier-shaded_2.12-2.0.8.jar ...
2022.06.28 10:02:53 ERROR 	[SUCCESSFUL ] org.scala-sbt#collections_2.12;1.5.2!collections_2.12.jar (522ms)
2022.06.28 10:02:53 ERROR downloading https://repo1.maven.org/maven2/org/apache/logging/log4j/log4j-api/2.11.2/log4j-api-2.11.2.jar ...
2022.06.28 10:02:53 ERROR 	[SUCCESSFUL ] org.scala-sbt#launcher-interface;1.3.1!launcher-interface.jar (255ms)
2022.06.28 10:02:53 ERROR downloading https://repo1.maven.org/maven2/org/apache/logging/log4j/log4j-core/2.11.2/log4j-core-2.11.2.jar ...
2022.06.28 10:02:53 ERROR 	[SUCCESSFUL ] org.scala-sbt#command_2.12;1.5.2!command_2.12.jar (630ms)
2022.06.28 10:02:53 ERROR downloading https://repo1.maven.org/maven2/org/apache/logging/log4j/log4j-slf4j-impl/2.11.2/log4j-slf4j-impl-2.11.2.jar ...
2022.06.28 10:02:54 ERROR 	[SUCCESSFUL ] com.github.ben-manes.caffeine#caffeine;2.8.5!caffeine.jar (938ms)
2022.06.28 10:02:54 ERROR downloading https://repo1.maven.org/maven2/org/scala-sbt/librarymanagement-core_2.12/1.5.0/librarymanagement-core_2.12-1.5.0.jar ...
2022.06.28 10:02:54 ERROR 	[SUCCESSFUL ] org.apache.logging.log4j#log4j-slf4j-impl;2.11.2!log4j-slf4j-impl.jar (742ms)
2022.06.28 10:02:54 ERROR downloading https://repo1.maven.org/maven2/org/scala-sbt/librarymanagement-ivy_2.12/1.5.0/librarymanagement-ivy_2.12-1.5.0.jar ...
2022.06.28 10:02:54 ERROR 	[SUCCESSFUL ] org.apache.logging.log4j#log4j-api;2.11.2!log4j-api.jar (1112ms)
2022.06.28 10:02:54 ERROR downloading https://repo1.maven.org/maven2/org/scala-sbt/compiler-interface/1.5.3/compiler-interface-1.5.3.jar ...
2022.06.28 10:02:54 ERROR 	[SUCCESSFUL ] org.scala-sbt#util-logging_2.12;1.5.2!util-logging_2.12.jar (1565ms)
2022.06.28 10:02:54 ERROR downloading https://repo1.maven.org/maven2/org/scala-sbt/zinc-compile_2.12/1.5.3/zinc-compile_2.12-1.5.3.jar ...
2022.06.28 10:02:54 ERROR 	[SUCCESSFUL ] org.scala-sbt#zinc-compile_2.12;1.5.3!zinc-compile_2.12.jar (391ms)
2022.06.28 10:02:54 ERROR downloading https://repo1.maven.org/maven2/org/scala-sbt/util-relation_2.12/1.5.2/util-relation_2.12-1.5.2.jar ...
2022.06.28 10:02:54 ERROR 	[SUCCESSFUL ] org.scala-sbt#librarymanagement-ivy_2.12;1.5.0!librarymanagement-ivy_2.12.jar (905ms)
2022.06.28 10:02:54 ERROR downloading https://repo1.maven.org/maven2/org/scala-sbt/util-position_2.12/1.5.2/util-position_2.12-1.5.2.jar ...
2022.06.28 10:02:55 ERROR 	[SUCCESSFUL ] org.scala-sbt#util-relation_2.12;1.5.2!util-relation_2.12.jar (355ms)
2022.06.28 10:02:55 ERROR downloading https://repo1.maven.org/maven2/com/eed3si9n/sjson-new-scalajson_2.12/0.9.1/sjson-new-scalajson_2.12-0.9.1.jar ...
2022.06.28 10:02:55 ERROR 	[SUCCESSFUL ] org.scala-sbt#compiler-interface;1.5.3!compiler-interface.jar (819ms)
2022.06.28 10:02:55 ERROR downloading https://repo1.maven.org/maven2/org/scala-lang/scala-reflect/2.12.13/scala-reflect-2.12.13.jar ...
2022.06.28 10:02:55 ERROR 	[SUCCESSFUL ] org.scala-sbt#util-position_2.12;1.5.2!util-position_2.12.jar (352ms)
2022.06.28 10:02:55 ERROR downloading https://repo1.maven.org/maven2/com/eed3si9n/sjson-new-core_2.12/0.9.1/sjson-new-core_2.12-0.9.1.jar ...
2022.06.28 10:02:55 ERROR 	[SUCCESSFUL ] com.eed3si9n#sjson-new-scalajson_2.12;0.9.1!sjson-new-scalajson_2.12.jar (247ms)
2022.06.28 10:02:55 ERROR downloading https://repo1.maven.org/maven2/com/eed3si9n/shaded-jawn-parser_2.12/0.9.1/shaded-jawn-parser_2.12-0.9.1.jar ...
2022.06.28 10:02:55 ERROR 	[SUCCESSFUL ] com.eed3si9n#shaded-jawn-parser_2.12;0.9.1!shaded-jawn-parser_2.12.jar (408ms)
2022.06.28 10:02:55 ERROR downloading https://repo1.maven.org/maven2/com/eed3si9n/shaded-scalajson_2.12/1.0.0-M4/shaded-scalajson_2.12-1.0.0-M4.jar ...
2022.06.28 10:02:55 ERROR 	[SUCCESSFUL ] com.eed3si9n#shaded-scalajson_2.12;1.0.0-M4!shaded-scalajson_2.12.jar (268ms)
2022.06.28 10:02:55 ERROR downloading https://repo1.maven.org/maven2/org/scala-sbt/completion_2.12/1.5.2/completion_2.12-1.5.2.jar ...
2022.06.28 10:02:57 ERROR 	[SUCCESSFUL ] org.scala-sbt#librarymanagement-core_2.12;1.5.0!librarymanagement-core_2.12.jar (2476ms)
2022.06.28 10:02:57 ERROR downloading https://repo1.maven.org/maven2/org/scala-sbt/task-system_2.12/1.5.2/task-system_2.12-1.5.2.jar ...
2022.06.28 10:02:57 ERROR 	[SUCCESSFUL ] org.scala-sbt#completion_2.12;1.5.2!completion_2.12.jar (396ms)
2022.06.28 10:02:57 ERROR downloading https://repo1.maven.org/maven2/org/scala-sbt/tasks_2.12/1.5.2/tasks_2.12-1.5.2.jar ...
2022.06.28 10:02:57 ERROR 	[SUCCESSFUL ] org.apache.logging.log4j#log4j-core;2.11.2!log4j-core.jar (3352ms)
2022.06.28 10:02:57 ERROR downloading https://repo1.maven.org/maven2/org/scala-sbt/testing_2.12/1.5.2/testing_2.12-1.5.2.jar ...
2022.06.28 10:02:57 ERROR 	[SUCCESSFUL ] org.scala-sbt#tasks_2.12;1.5.2!tasks_2.12.jar (272ms)
2022.06.28 10:02:57 ERROR downloading https://repo1.maven.org/maven2/org/scala-sbt/util-tracking_2.12/1.5.2/util-tracking_2.12-1.5.2.jar ...
2022.06.28 10:02:57 ERROR 	[SUCCESSFUL ] org.scala-sbt#task-system_2.12;1.5.2!task-system_2.12.jar (419ms)
2022.06.28 10:02:57 ERROR downloading https://repo1.maven.org/maven2/org/jline/jline-terminal/3.19.0/jline-terminal-3.19.0.jar ...
2022.06.28 10:02:57 ERROR 	[SUCCESSFUL ] org.scala-sbt#testing_2.12;1.5.2!testing_2.12.jar (406ms)
2022.06.28 10:02:57 ERROR downloading https://repo1.maven.org/maven2/org/scala-sbt/zinc-classpath_2.12/1.5.3/zinc-classpath_2.12-1.5.3.jar ...
2022.06.28 10:02:57 ERROR 	[SUCCESSFUL ] org.scala-sbt#util-tracking_2.12;1.5.2!util-tracking_2.12.jar (380ms)
2022.06.28 10:02:57 ERROR downloading https://repo1.maven.org/maven2/org/scala-sbt/zinc-apiinfo_2.12/1.5.3/zinc-apiinfo_2.12-1.5.3.jar ...
2022.06.28 10:02:57 ERROR 	[SUCCESSFUL ] org.scala-sbt#zinc-classpath_2.12;1.5.3!zinc-classpath_2.12.jar (413ms)
2022.06.28 10:02:57 ERROR downloading https://repo1.maven.org/maven2/org/scala-sbt/zinc_2.12/1.5.3/zinc_2.12-1.5.3.jar ...
2022.06.28 10:02:58 ERROR 	[SUCCESSFUL ] org.scala-sbt#zinc_2.12;1.5.3!zinc_2.12.jar (295ms)
2022.06.28 10:02:58 ERROR downloading https://repo1.maven.org/maven2/org/scala-sbt/util-control_2.12/1.5.2/util-control_2.12-1.5.2.jar ...
2022.06.28 10:02:58 ERROR 	[SUCCESSFUL ] org.jline#jline-terminal;3.19.0!jline-terminal.jar (1037ms)
2022.06.28 10:02:58 ERROR downloading https://repo1.maven.org/maven2/org/scala-sbt/jline/jline/2.14.7-sbt-a1b0ffbb8f64bb820f4f84a0c07a0c0964507493/jline-2.14.7-sbt-a1b0ffbb8f64bb820f4f84a0c07a0c0964507493.jar ...
2022.06.28 10:02:58 ERROR 	[SUCCESSFUL ] org.scala-sbt#util-control_2.12;1.5.2!util-control_2.12.jar (254ms)
2022.06.28 10:02:58 ERROR downloading https://repo1.maven.org/maven2/org/jline/jline-reader/3.19.0/jline-reader-3.19.0.jar ...
2022.06.28 10:02:58 ERROR 	[SUCCESSFUL ] com.eed3si9n#sjson-new-core_2.12;0.9.1!sjson-new-core_2.12.jar (2854ms)
2022.06.28 10:02:58 ERROR 	[SUCCESSFUL ] org.scala-sbt#zinc-apiinfo_2.12;1.5.3!zinc-apiinfo_2.12.jar (999ms)
2022.06.28 10:02:58 ERROR downloading https://repo1.maven.org/maven2/org/jline/jline-builtins/3.19.0/jline-builtins-3.19.0.jar ...
2022.06.28 10:02:58 ERROR downloading https://repo1.maven.org/maven2/org/scala-sbt/util-interface/1.5.2/util-interface-1.5.2.jar ...
2022.06.28 10:02:58 ERROR 	[SUCCESSFUL ] org.scala-sbt.jline#jline;2.14.7-sbt-a1b0ffbb8f64bb820f4f84a0c07a0c0964507493!jline.jar (351ms)
2022.06.28 10:02:58 ERROR downloading https://repo1.maven.org/maven2/org/scala-sbt/core-macros_2.12/1.5.2/core-macros_2.12-1.5.2.jar ...
2022.06.28 10:02:58 ERROR 	[SUCCESSFUL ] org.scala-sbt#util-interface;1.5.2!util-interface.jar (230ms)
2022.06.28 10:02:58 ERROR downloading https://repo1.maven.org/maven2/org/jline/jline-terminal-jna/3.19.0/jline-terminal-jna-3.19.0.jar ...
2022.06.28 10:02:58 ERROR 	[SUCCESSFUL ] org.jline#jline-reader;3.19.0!jline-reader.jar (560ms)
2022.06.28 10:02:58 ERROR 	[SUCCESSFUL ] org.jline#jline-builtins;3.19.0!jline-builtins.jar (422ms)
2022.06.28 10:02:58 ERROR downloading https://repo1.maven.org/maven2/org/jline/jline-terminal-jansi/3.19.0/jline-terminal-jansi-3.19.0.jar ...
2022.06.28 10:02:58 ERROR 	[SUCCESSFUL ] org.scala-sbt#core-macros_2.12;1.5.2!core-macros_2.12.jar (299ms)
2022.06.28 10:02:58 ERROR downloading https://repo1.maven.org/maven2/com/lmax/disruptor/3.4.2/disruptor-3.4.2.jar ...
2022.06.28 10:02:58 ERROR downloading https://repo1.maven.org/maven2/org/scala-lang/scala-compiler/2.12.13/scala-compiler-2.12.13.jar ...
2022.06.28 10:02:58 ERROR 	[SUCCESSFUL ] org.jline#jline-terminal-jna;3.19.0!jline-terminal-jna.jar (365ms)
2022.06.28 10:02:59 ERROR downloading https://repo1.maven.org/maven2/org/fusesource/jansi/jansi/2.1.0/jansi-2.1.0.jar ...
2022.06.28 10:02:59 ERROR 	[SUCCESSFUL ] org.scala-lang#scala-library;2.12.13!scala-library.jar (7004ms)
2022.06.28 10:02:59 ERROR downloading https://repo1.maven.org/maven2/com/swoval/file-tree-views/2.1.6/file-tree-views-2.1.6.jar ...
2022.06.28 10:02:59 ERROR 	[SUCCESSFUL ] org.jline#jline-terminal-jansi;3.19.0!jline-terminal-jansi.jar (300ms)
2022.06.28 10:02:59 ERROR downloading https://repo1.maven.org/maven2/net/java/dev/jna/jna/5.5.0/jna-5.5.0.jar ...
2022.06.28 10:02:59 ERROR 	[SUCCESSFUL ] com.lmax#disruptor;3.4.2!disruptor.jar (302ms)
2022.06.28 10:02:59 ERROR downloading https://repo1.maven.org/maven2/net/java/dev/jna/jna-platform/5.5.0/jna-platform-5.5.0.jar ...
2022.06.28 10:02:59 ERROR 	[SUCCESSFUL ] org.scala-sbt#main_2.12;1.5.2!main_2.12.jar (7116ms)
2022.06.28 10:02:59 ERROR downloading https://repo1.maven.org/maven2/org/jline/jline-style/3.19.0/jline-style-3.19.0.jar ...
2022.06.28 10:02:59 ERROR 	[SUCCESSFUL ] org.fusesource.jansi#jansi;2.1.0!jansi.jar (433ms)
2022.06.28 10:02:59 ERROR downloading https://repo1.maven.org/maven2/org/scala-sbt/util-cache_2.12/1.5.2/util-cache_2.12-1.5.2.jar ...
2022.06.28 10:02:59 ERROR 	[SUCCESSFUL ] com.swoval#file-tree-views;2.1.6!file-tree-views.jar (384ms)
2022.06.28 10:02:59 ERROR downloading https://repo1.maven.org/maven2/com/eed3si9n/sjson-new-murmurhash_2.12/0.9.1/sjson-new-murmurhash_2.12-0.9.1.jar ...
2022.06.28 10:02:59 ERROR 	[SUCCESSFUL ] org.jline#jline-style;3.19.0!jline-style.jar (421ms)
2022.06.28 10:02:59 ERROR downloading https://repo1.maven.org/maven2/org/scala-sbt/test-agent/1.5.2/test-agent-1.5.2.jar ...
2022.06.28 10:02:59 ERROR 	[SUCCESSFUL ] com.eed3si9n#sjson-new-murmurhash_2.12;0.9.1!sjson-new-murmurhash_2.12.jar (409ms)
2022.06.28 10:02:59 ERROR downloading https://repo1.maven.org/maven2/org/scala-sbt/test-interface/1.0/test-interface-1.0.jar ...
2022.06.28 10:02:59 ERROR 	[SUCCESSFUL ] org.scala-sbt#test-agent;1.5.2!test-agent.jar (273ms)
2022.06.28 10:02:59 ERROR downloading https://repo1.maven.org/maven2/org/scala-sbt/compiler-bridge_2.12/1.5.3/compiler-bridge_2.12-1.5.3.jar ...
2022.06.28 10:02:59 ERROR 	[SUCCESSFUL ] org.scala-sbt#util-cache_2.12;1.5.2!util-cache_2.12.jar (520ms)
2022.06.28 10:02:59 ERROR downloading https://repo1.maven.org/maven2/org/scala-sbt/zinc-classfile_2.12/1.5.3/zinc-classfile_2.12-1.5.3.jar ...
2022.06.28 10:03:00 ERROR 	[SUCCESSFUL ] org.scala-sbt#test-interface;1.0!test-interface.jar (259ms)
2022.06.28 10:03:00 ERROR downloading https://repo1.maven.org/maven2/com/jcraft/jsch/0.1.54/jsch-0.1.54.jar ...
2022.06.28 10:03:00 ERROR 	[SUCCESSFUL ] org.scala-sbt#compiler-bridge_2.12;1.5.3!compiler-bridge_2.12.jar (369ms)
2022.06.28 10:03:00 ERROR downloading https://repo1.maven.org/maven2/com/eed3si9n/gigahorse-okhttp_2.12/0.5.0/gigahorse-okhttp_2.12-0.5.0.jar ...
2022.06.28 10:03:00 ERROR 	[SUCCESSFUL ] org.scala-sbt#zinc-classfile_2.12;1.5.3!zinc-classfile_2.12.jar (310ms)
2022.06.28 10:03:00 ERROR downloading https://repo1.maven.org/maven2/com/squareup/okhttp3/okhttp-urlconnection/3.7.0/okhttp-urlconnection-3.7.0.jar ...
2022.06.28 10:03:00 ERROR 	[SUCCESSFUL ] com.jcraft#jsch;0.1.54!jsch.jar (257ms)
2022.06.28 10:03:00 ERROR downloading https://repo1.maven.org/maven2/com/eed3si9n/gigahorse-core_2.12/0.5.0/gigahorse-core_2.12-0.5.0.jar ...
2022.06.28 10:03:00 ERROR 	[SUCCESSFUL ] com.eed3si9n#gigahorse-okhttp_2.12;0.5.0!gigahorse-okhttp_2.12.jar (296ms)
2022.06.28 10:03:00 ERROR downloading https://repo1.maven.org/maven2/com/squareup/okhttp3/okhttp/3.14.2/okhttp-3.14.2.jar ...
2022.06.28 10:03:00 ERROR 	[SUCCESSFUL ] com.squareup.okhttp3#okhttp-urlconnection;3.7.0!okhttp-urlconnection.jar (295ms)
2022.06.28 10:03:00 ERROR downloading https://repo1.maven.org/maven2/com/typesafe/ssl-config-core_2.12/0.4.0/ssl-config-core_2.12-0.4.0.jar ...
2022.06.28 10:03:00 ERROR 	[SUCCESSFUL ] com.eed3si9n#gigahorse-core_2.12;0.5.0!gigahorse-core_2.12.jar (313ms)
2022.06.28 10:03:00 ERROR downloading https://repo1.maven.org/maven2/org/reactivestreams/reactive-streams/1.0.2/reactive-streams-1.0.2.jar ...
2022.06.28 10:03:00 ERROR 	[SUCCESSFUL ] com.squareup.okhttp3#okhttp;3.14.2!okhttp.jar (307ms)
2022.06.28 10:03:00 ERROR downloading https://repo1.maven.org/maven2/org/slf4j/slf4j-api/1.7.26/slf4j-api-1.7.26.jar ...
2022.06.28 10:03:00 ERROR 	[SUCCESSFUL ] net.java.dev.jna#jna;5.5.0!jna.jar (1828ms)
2022.06.28 10:03:00 ERROR 	[SUCCESSFUL ] org.reactivestreams#reactive-streams;1.0.2!reactive-streams.jar (263ms)
2022.06.28 10:03:00 ERROR downloading https://repo1.maven.org/maven2/org/scala-lang/modules/scala-parser-combinators_2.12/1.1.2/scala-parser-combinators_2.12-1.1.2.jar ...
2022.06.28 10:03:00 ERROR downloading https://repo1.maven.org/maven2/com/typesafe/config/1.3.3/config-1.3.3.jar ...
2022.06.28 10:03:00 ERROR 	[SUCCESSFUL ] org.slf4j#slf4j-api;1.7.26!slf4j-api.jar (242ms)
2022.06.28 10:03:00 ERROR downloading https://repo1.maven.org/maven2/com/squareup/okio/okio/1.17.2/okio-1.17.2.jar ...
2022.06.28 10:03:01 ERROR 	[SUCCESSFUL ] io.get-coursier#lm-coursier-shaded_2.12;2.0.8!lm-coursier-shaded_2.12.jar (7741ms)
2022.06.28 10:03:01 ERROR downloading https://repo1.maven.org/maven2/org/scala-sbt/zinc-core_2.12/1.5.3/zinc-core_2.12-1.5.3.jar ...
2022.06.28 10:03:01 ERROR 	[SUCCESSFUL ] com.typesafe#ssl-config-core_2.12;0.4.0!ssl-config-core_2.12.jar(bundle) (639ms)
2022.06.28 10:03:01 ERROR downloading https://repo1.maven.org/maven2/org/scala-sbt/zinc-persist_2.12/1.5.3/zinc-persist_2.12-1.5.3.jar ...
2022.06.28 10:03:01 ERROR 	[SUCCESSFUL ] com.squareup.okio#okio;1.17.2!okio.jar (245ms)
2022.06.28 10:03:01 ERROR downloading https://repo1.maven.org/maven2/org/scala-sbt/zinc-compile-core_2.12/1.5.3/zinc-compile-core_2.12-1.5.3.jar ...
2022.06.28 10:03:01 ERROR 	[SUCCESSFUL ] com.typesafe#config;1.3.3!config.jar(bundle) (508ms)
2022.06.28 10:03:01 ERROR downloading https://repo1.maven.org/maven2/org/scala-sbt/zinc-persist-core-assembly/1.5.3/zinc-persist-core-assembly-1.5.3.jar ...
2022.06.28 10:03:01 ERROR 	[SUCCESSFUL ] org.scala-sbt#zinc-persist_2.12;1.5.3!zinc-persist_2.12.jar (257ms)
2022.06.28 10:03:01 ERROR 	[SUCCESSFUL ] org.scala-lang.modules#scala-parser-combinators_2.12;1.1.2!scala-parser-combinators_2.12.jar(bundle) (517ms)
2022.06.28 10:03:01 ERROR downloading https://repo1.maven.org/maven2/net/openhft/zero-allocation-hashing/0.10.1/zero-allocation-hashing-0.10.1.jar ...
2022.06.28 10:03:01 ERROR downloading https://repo1.maven.org/maven2/org/scala-sbt/sbinary_2.12/0.5.1/sbinary_2.12-0.5.1.jar ...
2022.06.28 10:03:01 ERROR 	[SUCCESSFUL ] org.scala-sbt#zinc-compile-core_2.12;1.5.3!zinc-compile-core_2.12.jar (501ms)
2022.06.28 10:03:01 ERROR downloading https://repo1.maven.org/maven2/org/scala-sbt/protocol_2.12/1.5.2/protocol_2.12-1.5.2.jar ...
2022.06.28 10:03:01 ERROR 	[SUCCESSFUL ] net.openhft#zero-allocation-hashing;0.10.1!zero-allocation-hashing.jar(bundle) (379ms)
2022.06.28 10:03:01 ERROR downloading https://repo1.maven.org/maven2/org/scala-sbt/ipcsocket/ipcsocket/1.3.0/ipcsocket-1.3.0.jar ...
2022.06.28 10:03:01 ERROR 	[SUCCESSFUL ] org.scala-sbt#zinc-core_2.12;1.5.3!zinc-core_2.12.jar (837ms)
2022.06.28 10:03:01 ERROR downloading https://repo1.maven.org/maven2/org/checkerframework/checker-qual/3.4.1/checker-qual-3.4.1.jar ...
2022.06.28 10:03:01 ERROR 	[SUCCESSFUL ] org.scala-sbt#sbinary_2.12;0.5.1!sbinary_2.12.jar (586ms)
2022.06.28 10:03:01 ERROR downloading https://repo1.maven.org/maven2/com/google/errorprone/error_prone_annotations/2.4.0/error_prone_annotations-2.4.0.jar ...
2022.06.28 10:03:01 ERROR 	[SUCCESSFUL ] org.scala-sbt#zinc-persist-core-assembly;1.5.3!zinc-persist-core-assembly.jar (641ms)
2022.06.28 10:03:01 ERROR downloading https://repo1.maven.org/maven2/org/scala-lang/modules/scala-collection-compat_2.12/2.4.2/scala-collection-compat_2.12-2.4.2.jar ...
2022.06.28 10:03:02 ERROR 	[SUCCESSFUL ] org.scala-sbt.ipcsocket#ipcsocket;1.3.0!ipcsocket.jar (523ms)
2022.06.28 10:03:02 ERROR downloading https://repo1.maven.org/maven2/org/scala-sbt/ivy/ivy/2.3.0-sbt-fbc4f586aeeb1591710b14eb4f41b94880dcd745/ivy-2.3.0-sbt-fbc4f586aeeb1591710b14eb4f41b94880dcd745.jar ...
2022.06.28 10:03:02 ERROR 	[SUCCESSFUL ] com.google.errorprone#error_prone_annotations;2.4.0!error_prone_annotations.jar (354ms)
2022.06.28 10:03:02 ERROR 	[SUCCESSFUL ] org.scala-lang#scala-reflect;2.12.13!scala-reflect.jar (7235ms)
2022.06.28 10:03:02 ERROR 	[SUCCESSFUL ] org.checkerframework#checker-qual;3.4.1!checker-qual.jar (724ms)
2022.06.28 10:03:02 ERROR 	[SUCCESSFUL ] org.scala-lang.modules#scala-collection-compat_2.12;2.4.2!scala-collection-compat_2.12.jar (1061ms)
2022.06.28 10:03:02 ERROR 	[SUCCESSFUL ] org.scala-sbt#protocol_2.12;1.5.2!protocol_2.12.jar (1375ms)
2022.06.28 10:03:04 ERROR 	[SUCCESSFUL ] org.scala-sbt.ivy#ivy;2.3.0-sbt-fbc4f586aeeb1591710b14eb4f41b94880dcd745!ivy.jar (1732ms)
2022.06.28 10:03:04 ERROR 	[SUCCESSFUL ] net.java.dev.jna#jna-platform;5.5.0!jna-platform.jar (5112ms)
2022.06.28 10:03:11 ERROR 	[SUCCESSFUL ] org.scala-lang#scala-compiler;2.12.13!scala-compiler.jar (11859ms)
2022.06.28 10:03:11 ERROR :: retrieving :: org.scala-sbt#boot-app
2022.06.28 10:03:11 ERROR 	confs: [default]
2022.06.28 10:03:11 ERROR 	83 artifacts copied, 0 already retrieved
2022.06.28 10:03:11 ERROR [info] [launcher] getting Scala 2.12.13 (for sbt)...
2022.06.28 10:03:17 ERROR downloading https://repo1.maven.org/maven2/org/fusesource/jansi/jansi/1.12/jansi-1.12.jar ...
2022.06.28 10:03:17 ERROR downloading https://repo1.maven.org/maven2/org/scala-lang/modules/scala-xml_2.12/1.0.6/scala-xml_2.12-1.0.6.jar ...
2022.06.28 10:03:17 ERROR downloading https://repo1.maven.org/maven2/jline/jline/2.14.6/jline-2.14.6.jar ...
2022.06.28 10:03:17 ERROR 	[SUCCESSFUL ] org.fusesource.jansi#jansi;1.12!jansi.jar (499ms)
2022.06.28 10:03:17 ERROR 	[SUCCESSFUL ] jline#jline;2.14.6!jline.jar (547ms)
2022.06.28 10:03:17 ERROR 	[SUCCESSFUL ] org.scala-lang.modules#scala-xml_2.12;1.0.6!scala-xml_2.12.jar(bundle) (550ms)
2022.06.28 10:03:17 ERROR :: retrieving :: org.scala-sbt#boot-scala
2022.06.28 10:03:17 ERROR 	confs: [default]
2022.06.28 10:03:17 ERROR 	6 artifacts copied, 0 already retrieved
2022.06.28 10:03:19 ERROR WARNING: A terminally deprecated method in java.lang.System has been called
2022.06.28 10:03:19 ERROR WARNING: System::setSecurityManager has been called by sbt.TrapExit$ (file:/Users/angievig/.sbt/boot/scala-2.12.13/org.scala-sbt/sbt/1.5.2/run_2.12-1.5.2.jar)
2022.06.28 10:03:19 ERROR WARNING: Please consider reporting this to the maintainers of sbt.TrapExit$
2022.06.28 10:03:19 ERROR WARNING: System::setSecurityManager will be removed in a future release
2022.06.28 10:03:20 INFO  [info] welcome to sbt 1.5.2 (Oracle Corporation Java 17.0.2)
2022.06.28 10:03:23 INFO  [info] loading settings for project scala-project-build-build from metals.sbt ...
2022.06.28 10:03:31 INFO  [info] loading project definition from /Users/angievig/git/ScalaProjects/FunctionalProgramming/W1/scala-project/project/project
2022.06.28 10:03:40 INFO  [info] loading settings for project scala-project-build from metals.sbt ...
2022.06.28 10:03:40 INFO  [info] loading project definition from /Users/angievig/git/ScalaProjects/FunctionalProgramming/W1/scala-project/project
2022.06.28 10:03:58 INFO  [success] Generated .bloop/scala-project-build.json
2022.06.28 10:03:58 INFO  [success] Total time: 18 s, completed Jun 28, 2022, 10:03:59 AM
2022.06.28 10:04:00 INFO  [info] loading settings for project scala-project from build.sbt ...
2022.06.28 10:04:00 INFO  [info] set current project to scala-project (in build file:/Users/angievig/git/ScalaProjects/FunctionalProgramming/W1/scala-project/)
2022.06.28 10:04:15 INFO  [success] Generated .bloop/scala-project-test.json
2022.06.28 10:04:15 INFO  [success] Generated .bloop/scala-project.json
2022.06.28 10:04:15 INFO  [success] Total time: 14 s, completed Jun 28, 2022, 10:04:15 AM
2022.06.28 10:04:15 INFO  time: ran 'sbt bloopInstall' in 2m32s
2022.06.28 10:04:15 INFO  Attempting to connect to the build server...
2022.06.28 10:04:17 INFO  tracing is disabled for protocol BSP, to enable tracing of incoming and outgoing JSON messages create an empty file at /Users/angievig/git/ScalaProjects/FunctionalProgramming/W1/scala-project/.metals/bsp.trace.json or /Users/angievig/Library/Caches/org.scalameta.metals/bsp.trace.json
2022.06.28 10:04:17 INFO  Attempting to connect to the build server...
2022.06.28 10:04:17 INFO  tracing is disabled for protocol BSP, to enable tracing of incoming and outgoing JSON messages create an empty file at /Users/angievig/git/ScalaProjects/FunctionalProgramming/W1/scala-project/project/.metals/bsp.trace.json or /Users/angievig/Library/Caches/org.scalameta.metals/bsp.trace.json
2022.06.28 10:04:22 INFO  time: Connected to build server in 7.03s
2022.06.28 10:04:22 INFO  Connected to Build server: Bloop v1.5.0-18-003e6c7b
2022.06.28 10:04:22 INFO  time: Imported build in 0.14s
2022.06.28 10:04:38 INFO  time: indexed workspace in 16s
2022.06.28 14:18:55 INFO  time: evaluated worksheet 'example.worksheet.sc' in 34s
2022.06.29 09:45:41 INFO  tracing is disabled for protocol LSP, to enable tracing of incoming and outgoing JSON messages create an empty file at /Users/angievig/git/ScalaProjects/FunctionalProgramming/W1/scala-project/.metals/lsp.trace.json or /Users/angievig/Library/Caches/org.scalameta.metals/lsp.trace.json
2022.06.29 09:45:43 INFO  logging to file /Users/angievig/git/ScalaProjects/FunctionalProgramming/W1/scala-project/.metals/metals.log
2022.06.29 09:45:43 INFO  Started: Metals version 0.11.6 in workspace '/Users/angievig/git/ScalaProjects/FunctionalProgramming/W1/scala-project' for client Visual Studio Code 1.68.1.
2022.06.29 09:45:44 INFO  time: initialize in 1.67s
2022.06.29 09:45:49 WARN  Flyway upgrade recommended: H2 2.1.212 is newer than this version of Flyway and support has not been tested. The latest supported version of H2 is 2.1.210.
2022.06.29 09:45:50 INFO  Attempting to connect to the build server...
2022.06.29 09:45:52 INFO  skipping build import with status 'Installed'
2022.06.29 09:46:05 INFO  tracing is disabled for protocol BSP, to enable tracing of incoming and outgoing JSON messages create an empty file at /Users/angievig/git/ScalaProjects/FunctionalProgramming/W1/scala-project/.metals/bsp.trace.json or /Users/angievig/Library/Caches/org.scalameta.metals/bsp.trace.json
2022.06.29 09:46:05 INFO  Attempting to connect to the build server...
2022.06.29 09:46:06 INFO  tracing is disabled for protocol BSP, to enable tracing of incoming and outgoing JSON messages create an empty file at /Users/angievig/git/ScalaProjects/FunctionalProgramming/W1/scala-project/project/.metals/bsp.trace.json or /Users/angievig/Library/Caches/org.scalameta.metals/bsp.trace.json
2022.06.29 09:46:06 INFO  time: Connected to build server in 15s
2022.06.29 09:46:06 INFO  Connected to Build server: Bloop v1.5.0-18-003e6c7b
2022.06.29 09:46:10 INFO  no build target found for /Users/angievig/git/ScalaProjects/FunctionalProgramming/W1/scala-project/src/main/scala/example/example.worksheet.sc. Using presentation compiler with project's scala-library version: 3.1.2
2022.06.29 09:46:10 INFO  time: code lens generation in 8.18s
2022.06.29 09:46:11 INFO  time: Imported build in 0.3s
2022.06.29 09:46:23 INFO  time: indexed workspace in 11s
2022.06.29 09:46:42 INFO  time: evaluated worksheet 'example.worksheet.sc' in 19s
2022.06.29 09:46:45 INFO  time: evaluated worksheet 'example.worksheet.sc' in 2.62s
2022.06.29 11:02:07 INFO  shutting down Metals
2022.06.29 11:02:08 INFO  Shut down connection with build server.
2022.06.29 11:02:08 INFO  Shut down connection with build server.
2022.06.30 14:18:36 INFO  tracing is disabled for protocol LSP, to enable tracing of incoming and outgoing JSON messages create an empty file at /Users/angievig/git/ScalaProjects/FunctionalProgramming/W1/scala-project/.metals/lsp.trace.json or /Users/angievig/Library/Caches/org.scalameta.metals/lsp.trace.json
2022.06.30 14:18:37 INFO  logging to file /Users/angievig/git/ScalaProjects/FunctionalProgramming/W1/scala-project/.metals/metals.log
2022.06.30 14:18:37 INFO  Started: Metals version 0.11.6 in workspace '/Users/angievig/git/ScalaProjects/FunctionalProgramming/W1/scala-project' for client Visual Studio Code 1.68.1.
2022.06.30 14:18:38 INFO  time: initialize in 1.46s
2022.06.30 14:18:38 WARN  Flyway upgrade recommended: H2 2.1.212 is newer than this version of Flyway and support has not been tested. The latest supported version of H2 is 2.1.210.
2022.06.30 14:18:39 INFO  Attempting to connect to the build server...
2022.06.30 14:18:39 INFO  skipping build import with status 'Installed'
2022.06.30 14:18:39 INFO  tracing is disabled for protocol BSP, to enable tracing of incoming and outgoing JSON messages create an empty file at /Users/angievig/git/ScalaProjects/FunctionalProgramming/W1/scala-project/.metals/bsp.trace.json or /Users/angievig/Library/Caches/org.scalameta.metals/bsp.trace.json
2022.06.30 14:18:40 INFO  Attempting to connect to the build server...
2022.06.30 14:18:40 INFO  tracing is disabled for protocol BSP, to enable tracing of incoming and outgoing JSON messages create an empty file at /Users/angievig/git/ScalaProjects/FunctionalProgramming/W1/scala-project/project/.metals/bsp.trace.json or /Users/angievig/Library/Caches/org.scalameta.metals/bsp.trace.json
2022.06.30 14:18:40 INFO  time: Connected to build server in 1.3s
2022.06.30 14:18:40 INFO  Connected to Build server: Bloop v1.5.0-18-003e6c7b
2022.06.30 14:18:41 INFO  time: Imported build in 0.29s
2022.06.30 14:18:55 INFO  time: indexed workspace in 14s
2022.06.30 14:18:56 INFO  shutting down Metals
2022.06.30 14:18:56 INFO  Shut down connection with build server.
2022.06.30 14:18:56 INFO  Shut down connection with build server.
2022.06.30 14:18:57 WARN  Flyway upgrade recommended: H2 2.1.212 is newer than this version of Flyway and support has not been tested. The latest supported version of H2 is 2.1.210.
